{"E:\\Data_E\\reactjan2026\\react-jan2026-app\\src\\App.tsx": {"path":"E:\\Data_E\\reactjan2026\\react-jan2026-app\\src\\App.tsx","statementMap":{"0":{"start":{"line":9,"column":2},"end":{"line":18,"column":null}},"1":{"start":{"line":21,"column":0},"end":{"line":21,"column":null}}},"fnMap":{"0":{"name":"App","decl":{"start":{"line":7,"column":9},"end":{"line":7,"column":12}},"loc":{"start":{"line":7,"column":25},"end":{"line":19,"column":1}}}},"branchMap":{},"s":{"0":0,"1":0},"f":{"0":0},"b":{}}
,"E:\\Data_E\\reactjan2026\\react-jan2026-app\\src\\__tests__\\mocks\\axiosMock.ts": {"path":"E:\\Data_E\\reactjan2026\\react-jan2026-app\\src\\__tests__\\mocks\\axiosMock.ts","statementMap":{"0":{"start":{"line":3,"column":0},"end":{"line":3,"column":19}},"1":{"start":{"line":1,"column":0},"end":{"line":1,"column":26}},"2":{"start":{"line":5,"column":13},"end":{"line":5,"column":62}},"3":{"start":{"line":7,"column":31},"end":{"line":12,"column":1}},"4":{"start":{"line":8,"column":2},"end":{"line":8,"column":30}},"5":{"start":{"line":9,"column":2},"end":{"line":9,"column":31}},"6":{"start":{"line":10,"column":2},"end":{"line":10,"column":30}},"7":{"start":{"line":11,"column":2},"end":{"line":11,"column":33}},"8":{"start":{"line":7,"column":13},"end":{"line":7,"column":31}}},"fnMap":{"0":{"name":"(anonymous_1)","decl":{"start":{"line":7,"column":31},"end":{"line":7,"column":34}},"loc":{"start":{"line":7,"column":36},"end":{"line":12,"column":1}}}},"branchMap":{},"s":{"0":0,"1":0,"2":0,"3":0,"4":0,"5":0,"6":0,"7":0,"8":0},"f":{"0":0},"b":{}}
,"E:\\Data_E\\reactjan2026\\react-jan2026-app\\src\\__tests__\\mocks\\categoryMockData.ts": {"path":"E:\\Data_E\\reactjan2026\\react-jan2026-app\\src\\__tests__\\mocks\\categoryMockData.ts","statementMap":{"0":{"start":{"line":4,"column":13},"end":{"line":23,"column":2}},"1":{"start":{"line":25,"column":13},"end":{"line":30,"column":2}},"2":{"start":{"line":32,"column":13},"end":{"line":37,"column":2}},"3":{"start":{"line":39,"column":13},"end":{"line":49,"column":2}},"4":{"start":{"line":51,"column":13},"end":{"line":56,"column":2}}},"fnMap":{},"branchMap":{},"s":{"0":2,"1":2,"2":2,"3":2,"4":2},"f":{},"b":{}}
,"E:\\Data_E\\reactjan2026\\react-jan2026-app\\src\\components\\categirystatecomponent.tsx": {"path":"E:\\Data_E\\reactjan2026\\react-jan2026-app\\src\\components\\categirystatecomponent.tsx","statementMap":{"0":{"start":{"line":1,"column":0},"end":{"line":1,"column":33}},"1":{"start":{"line":2,"column":0},"end":{"line":2,"column":46}},"2":{"start":{"line":3,"column":0},"end":{"line":3,"column":60}},"3":{"start":{"line":4,"column":0},"end":{"line":4,"column":88}},"4":{"start":{"line":6,"column":29},"end":{"line":64,"column":1}},"5":{"start":{"line":7,"column":37},"end":{"line":7,"column":80}},"6":{"start":{"line":8,"column":40},"end":{"line":8,"column":64}},"7":{"start":{"line":10,"column":15},"end":{"line":12,"column":5}},"8":{"start":{"line":11,"column":8},"end":{"line":11,"column":null}},"9":{"start":{"line":13,"column":16},"end":{"line":15,"column":5}},"10":{"start":{"line":14,"column":8},"end":{"line":14,"column":45}},"11":{"start":{"line":18,"column":4},"end":{"line":62,"column":6}},"12":{"start":{"line":25,"column":33},"end":{"line":25,"column":104}},"13":{"start":{"line":32,"column":33},"end":{"line":32,"column":88}},"14":{"start":{"line":39,"column":33},"end":{"line":39,"column":90}},"15":{"start":{"line":46,"column":33},"end":{"line":46,"column":97}},"16":{"start":{"line":68,"column":0},"end":{"line":68,"column":38}}},"fnMap":{"0":{"name":"(anonymous_1)","decl":{"start":{"line":6,"column":29},"end":{"line":6,"column":31}},"loc":{"start":{"line":6,"column":33},"end":{"line":64,"column":1}}},"1":{"name":"(anonymous_2)","decl":{"start":{"line":10,"column":15},"end":{"line":10,"column":17}},"loc":{"start":{"line":10,"column":19},"end":{"line":12,"column":5}}},"2":{"name":"(anonymous_3)","decl":{"start":{"line":13,"column":16},"end":{"line":13,"column":18}},"loc":{"start":{"line":13,"column":20},"end":{"line":15,"column":5}}},"3":{"name":"(anonymous_4)","decl":{"start":{"line":25,"column":26},"end":{"line":25,"column":27}},"loc":{"start":{"line":25,"column":33},"end":{"line":25,"column":104}}},"4":{"name":"(anonymous_5)","decl":{"start":{"line":32,"column":26},"end":{"line":32,"column":27}},"loc":{"start":{"line":32,"column":33},"end":{"line":32,"column":88}}},"5":{"name":"(anonymous_6)","decl":{"start":{"line":39,"column":26},"end":{"line":39,"column":27}},"loc":{"start":{"line":39,"column":33},"end":{"line":39,"column":90}}},"6":{"name":"(anonymous_7)","decl":{"start":{"line":46,"column":26},"end":{"line":46,"column":27}},"loc":{"start":{"line":46,"column":33},"end":{"line":46,"column":97}}}},"branchMap":{},"s":{"0":0,"1":0,"2":0,"3":0,"4":0,"5":0,"6":0,"7":0,"8":0,"9":0,"10":0,"11":0,"12":0,"13":0,"14":0,"15":0,"16":0},"f":{"0":0,"1":0,"2":0,"3":0,"4":0,"5":0,"6":0},"b":{}}
,"E:\\Data_E\\reactjan2026\\react-jan2026-app\\src\\components\\categirystatehttpcomponent.tsx": {"path":"E:\\Data_E\\reactjan2026\\react-jan2026-app\\src\\components\\categirystatehttpcomponent.tsx","statementMap":{"0":{"start":{"line":1,"column":0},"end":{"line":1,"column":43}},"1":{"start":{"line":2,"column":0},"end":{"line":2,"column":46}},"2":{"start":{"line":3,"column":0},"end":{"line":3,"column":60}},"3":{"start":{"line":4,"column":0},"end":{"line":4,"column":88}},"4":{"start":{"line":5,"column":0},"end":{"line":5,"column":70}},"5":{"start":{"line":6,"column":33},"end":{"line":86,"column":1}},"6":{"start":{"line":7,"column":37},"end":{"line":7,"column":80}},"7":{"start":{"line":8,"column":40},"end":{"line":8,"column":64}},"8":{"start":{"line":10,"column":17},"end":{"line":10,"column":42}},"9":{"start":{"line":16,"column":4},"end":{"line":27,"column":10}},"10":{"start":{"line":18,"column":29},"end":{"line":23,"column":null}},"11":{"start":{"line":18,"column":38},"end":{"line":23,"column":null}},"12":{"start":{"line":19,"column":25},"end":{"line":19,"column":51}},"13":{"start":{"line":20,"column":25},"end":{"line":20,"column":37}},"14":{"start":{"line":21,"column":12},"end":{"line":21,"column":70}},"15":{"start":{"line":21,"column":29},"end":{"line":21,"column":68}},"16":{"start":{"line":22,"column":12},"end":{"line":22,"column":38}},"17":{"start":{"line":26,"column":8},"end":{"line":26,"column":23}},"18":{"start":{"line":30,"column":15},"end":{"line":34,"column":null}},"19":{"start":{"line":30,"column":25},"end":{"line":34,"column":null}},"20":{"start":{"line":31,"column":25},"end":{"line":31,"column":58}},"21":{"start":{"line":32,"column":8},"end":{"line":32,"column":37}},"22":{"start":{"line":33,"column":8},"end":{"line":33,"column":56}},"23":{"start":{"line":35,"column":16},"end":{"line":37,"column":5}},"24":{"start":{"line":36,"column":8},"end":{"line":36,"column":45}},"25":{"start":{"line":40,"column":4},"end":{"line":84,"column":6}},"26":{"start":{"line":47,"column":33},"end":{"line":47,"column":104}},"27":{"start":{"line":54,"column":33},"end":{"line":54,"column":88}},"28":{"start":{"line":61,"column":33},"end":{"line":61,"column":90}},"29":{"start":{"line":68,"column":33},"end":{"line":68,"column":97}},"30":{"start":{"line":90,"column":0},"end":{"line":90,"column":42}}},"fnMap":{"0":{"name":"(anonymous_8)","decl":{"start":{"line":6,"column":33},"end":{"line":6,"column":35}},"loc":{"start":{"line":6,"column":37},"end":{"line":86,"column":1}}},"1":{"name":"(anonymous_9)","decl":{"start":{"line":16,"column":14},"end":{"line":16,"column":16}},"loc":{"start":{"line":16,"column":18},"end":{"line":27,"column":5}}},"2":{"name":"(anonymous_10)","decl":{"start":{"line":18,"column":29},"end":{"line":18,"column":36}},"loc":{"start":{"line":18,"column":38},"end":{"line":23,"column":null}}},"3":{"name":"(anonymous_11)","decl":{"start":{"line":18,"column":38},"end":{"line":18,"column":null}},"loc":{"start":{"line":18,"column":38},"end":{"line":23,"column":9}}},"4":{"name":"(anonymous_12)","decl":{"start":{"line":21,"column":22},"end":{"line":21,"column":23}},"loc":{"start":{"line":21,"column":29},"end":{"line":21,"column":68}}},"5":{"name":"(anonymous_13)","decl":{"start":{"line":30,"column":15},"end":{"line":30,"column":23}},"loc":{"start":{"line":30,"column":25},"end":{"line":34,"column":null}}},"6":{"name":"(anonymous_14)","decl":{"start":{"line":30,"column":25},"end":{"line":30,"column":null}},"loc":{"start":{"line":30,"column":25},"end":{"line":34,"column":5}}},"7":{"name":"(anonymous_15)","decl":{"start":{"line":35,"column":16},"end":{"line":35,"column":18}},"loc":{"start":{"line":35,"column":20},"end":{"line":37,"column":5}}},"8":{"name":"(anonymous_16)","decl":{"start":{"line":47,"column":26},"end":{"line":47,"column":27}},"loc":{"start":{"line":47,"column":33},"end":{"line":47,"column":104}}},"9":{"name":"(anonymous_17)","decl":{"start":{"line":54,"column":26},"end":{"line":54,"column":27}},"loc":{"start":{"line":54,"column":33},"end":{"line":54,"column":88}}},"10":{"name":"(anonymous_18)","decl":{"start":{"line":61,"column":26},"end":{"line":61,"column":27}},"loc":{"start":{"line":61,"column":33},"end":{"line":61,"column":90}}},"11":{"name":"(anonymous_19)","decl":{"start":{"line":68,"column":26},"end":{"line":68,"column":27}},"loc":{"start":{"line":68,"column":33},"end":{"line":68,"column":97}}}},"branchMap":{"0":{"loc":{"start":{"line":22,"column":26},"end":{"line":22,"column":36}},"type":"binary-expr","locations":[{"start":{"line":22,"column":26},"end":{"line":22,"column":30}},{"start":{"line":22,"column":34},"end":{"line":22,"column":36}}]}},"s":{"0":0,"1":0,"2":0,"3":0,"4":0,"5":0,"6":0,"7":0,"8":0,"9":0,"10":0,"11":0,"12":0,"13":0,"14":0,"15":0,"16":0,"17":0,"18":0,"19":0,"20":0,"21":0,"22":0,"23":0,"24":0,"25":0,"26":0,"27":0,"28":0,"29":0,"30":0},"f":{"0":0,"1":0,"2":0,"3":0,"4":0,"5":0,"6":0,"7":0,"8":0,"9":0,"10":0,"11":0},"b":{"0":[0,0]}}
,"E:\\Data_E\\reactjan2026\\react-jan2026-app\\src\\components\\statecomponent.tsx": {"path":"E:\\Data_E\\reactjan2026\\react-jan2026-app\\src\\components\\statecomponent.tsx","statementMap":{"0":{"start":{"line":1,"column":0},"end":{"line":1,"column":33}},"1":{"start":{"line":3,"column":21},"end":{"line":112,"column":1}},"2":{"start":{"line":5,"column":22},"end":{"line":5,"column":41}},"3":{"start":{"line":6,"column":22},"end":{"line":6,"column":41}},"4":{"start":{"line":7,"column":32},"end":{"line":7,"column":51}},"5":{"start":{"line":8,"column":34},"end":{"line":8,"column":94}},"6":{"start":{"line":10,"column":17},"end":{"line":10,"column":123}},"7":{"start":{"line":12,"column":19},"end":{"line":20,"column":6}},"8":{"start":{"line":21,"column":20},"end":{"line":21,"column":42}},"9":{"start":{"line":23,"column":14},"end":{"line":25,"column":5}},"10":{"start":{"line":24,"column":8},"end":{"line":24,"column":25}},"11":{"start":{"line":26,"column":16},"end":{"line":30,"column":5}},"12":{"start":{"line":27,"column":8},"end":{"line":27,"column":16}},"13":{"start":{"line":28,"column":8},"end":{"line":28,"column":16}},"14":{"start":{"line":29,"column":8},"end":{"line":29,"column":21}},"15":{"start":{"line":32,"column":22},"end":{"line":34,"column":5}},"16":{"start":{"line":33,"column":8},"end":{"line":33,"column":26}},"17":{"start":{"line":40,"column":4},"end":{"line":111,"column":null}},"18":{"start":{"line":46,"column":34},"end":{"line":46,"column":66}},"19":{"start":{"line":52,"column":33},"end":{"line":52,"column":65}},"20":{"start":{"line":69,"column":28},"end":{"line":69,"column":null}},"21":{"start":{"line":89,"column":32},"end":{"line":89,"column":47}},"22":{"start":{"line":97,"column":28},"end":{"line":97,"column":40}},"23":{"start":{"line":97,"column":53},"end":{"line":97,"column":69}},"24":{"start":{"line":100,"column":40},"end":{"line":100,"column":55}},"25":{"start":{"line":115,"column":0},"end":{"line":115,"column":30}}},"fnMap":{"0":{"name":"(anonymous_0)","decl":{"start":{"line":3,"column":21},"end":{"line":3,"column":23}},"loc":{"start":{"line":3,"column":25},"end":{"line":112,"column":1}}},"1":{"name":"(anonymous_1)","decl":{"start":{"line":23,"column":14},"end":{"line":23,"column":16}},"loc":{"start":{"line":23,"column":18},"end":{"line":25,"column":5}}},"2":{"name":"(anonymous_2)","decl":{"start":{"line":26,"column":16},"end":{"line":26,"column":18}},"loc":{"start":{"line":26,"column":20},"end":{"line":30,"column":5}}},"3":{"name":"(anonymous_3)","decl":{"start":{"line":32,"column":22},"end":{"line":32,"column":23}},"loc":{"start":{"line":32,"column":35},"end":{"line":34,"column":5}}},"4":{"name":"(anonymous_4)","decl":{"start":{"line":46,"column":27},"end":{"line":46,"column":28}},"loc":{"start":{"line":46,"column":34},"end":{"line":46,"column":66}}},"5":{"name":"(anonymous_5)","decl":{"start":{"line":52,"column":26},"end":{"line":52,"column":27}},"loc":{"start":{"line":52,"column":33},"end":{"line":52,"column":65}}},"6":{"name":"(anonymous_6)","decl":{"start":{"line":68,"column":33},"end":{"line":68,"column":34}},"loc":{"start":{"line":69,"column":28},"end":{"line":69,"column":null}}},"7":{"name":"(anonymous_7)","decl":{"start":{"line":88,"column":40},"end":{"line":88,"column":41}},"loc":{"start":{"line":89,"column":32},"end":{"line":89,"column":47}}},"8":{"name":"(anonymous_8)","decl":{"start":{"line":96,"column":36},"end":{"line":96,"column":37}},"loc":{"start":{"line":97,"column":28},"end":{"line":97,"column":40}}},"9":{"name":"(anonymous_9)","decl":{"start":{"line":97,"column":49},"end":{"line":97,"column":51}},"loc":{"start":{"line":97,"column":53},"end":{"line":97,"column":69}}},"10":{"name":"(anonymous_10)","decl":{"start":{"line":99,"column":48},"end":{"line":99,"column":49}},"loc":{"start":{"line":100,"column":40},"end":{"line":100,"column":55}}}},"branchMap":{},"s":{"0":0,"1":0,"2":0,"3":0,"4":0,"5":0,"6":0,"7":0,"8":0,"9":0,"10":0,"11":0,"12":0,"13":0,"14":0,"15":0,"16":0,"17":0,"18":0,"19":0,"20":0,"21":0,"22":0,"23":0,"24":0,"25":0},"f":{"0":0,"1":0,"2":0,"3":0,"4":0,"5":0,"6":0,"7":0,"8":0,"9":0,"10":0},"b":{}}
,"E:\\Data_E\\reactjan2026\\react-jan2026-app\\src\\components\\callbackcheck\\memoisedchildcomponent.tsx": {"path":"E:\\Data_E\\reactjan2026\\react-jan2026-app\\src\\components\\callbackcheck\\memoisedchildcomponent.tsx","statementMap":{"0":{"start":{"line":1,"column":0},"end":{"line":1,"column":26}},"1":{"start":{"line":7,"column":33},"end":{"line":10,"column":1}},"2":{"start":{"line":8,"column":4},"end":{"line":8,"column":47}},"3":{"start":{"line":9,"column":4},"end":{"line":9,"column":null}},"4":{"start":{"line":14,"column":0},"end":{"line":14,"column":54}}},"fnMap":{"0":{"name":"(anonymous_1)","decl":{"start":{"line":7,"column":33},"end":{"line":7,"column":34}},"loc":{"start":{"line":7,"column":49},"end":{"line":10,"column":1}}}},"branchMap":{},"s":{"0":0,"1":0,"2":0,"3":0,"4":0},"f":{"0":0},"b":{}}
,"E:\\Data_E\\reactjan2026\\react-jan2026-app\\src\\components\\callbackcheck\\parchenchildwithcallback.tsx": {"path":"E:\\Data_E\\reactjan2026\\react-jan2026-app\\src\\components\\callbackcheck\\parchenchildwithcallback.tsx","statementMap":{"0":{"start":{"line":1,"column":0},"end":{"line":1,"column":46}},"1":{"start":{"line":2,"column":0},"end":{"line":2,"column":66}},"2":{"start":{"line":5,"column":34},"end":{"line":32,"column":1}},"3":{"start":{"line":6,"column":28},"end":{"line":6,"column":55}},"4":{"start":{"line":7,"column":32},"end":{"line":7,"column":51}},"5":{"start":{"line":9,"column":18},"end":{"line":12,"column":12}},"6":{"start":{"line":11,"column":6},"end":{"line":11,"column":86}},"7":{"start":{"line":11,"column":28},"end":{"line":11,"column":84}},"8":{"start":{"line":14,"column":2},"end":{"line":31,"column":4}},"9":{"start":{"line":17,"column":29},"end":{"line":17,"column":52}},"10":{"start":{"line":24,"column":20},"end":{"line":24,"column":33}},"11":{"start":{"line":35,"column":0},"end":{"line":35,"column":43}}},"fnMap":{"0":{"name":"(anonymous_1)","decl":{"start":{"line":5,"column":34},"end":{"line":5,"column":36}},"loc":{"start":{"line":5,"column":38},"end":{"line":32,"column":1}}},"1":{"name":"(anonymous_2)","decl":{"start":{"line":9,"column":30},"end":{"line":9,"column":32}},"loc":{"start":{"line":9,"column":34},"end":{"line":12,"column":3}}},"2":{"name":"(anonymous_3)","decl":{"start":{"line":11,"column":15},"end":{"line":11,"column":16}},"loc":{"start":{"line":11,"column":28},"end":{"line":11,"column":84}}},"3":{"name":"(anonymous_4)","decl":{"start":{"line":17,"column":25},"end":{"line":17,"column":27}},"loc":{"start":{"line":17,"column":29},"end":{"line":17,"column":52}}},"4":{"name":"(anonymous_5)","decl":{"start":{"line":23,"column":26},"end":{"line":23,"column":27}},"loc":{"start":{"line":24,"column":20},"end":{"line":24,"column":33}}}},"branchMap":{},"s":{"0":0,"1":0,"2":0,"3":0,"4":0,"5":0,"6":0,"7":0,"8":0,"9":0,"10":0,"11":0},"f":{"0":0,"1":0,"2":0,"3":0,"4":0},"b":{}}
,"E:\\Data_E\\reactjan2026\\react-jan2026-app\\src\\components\\callbackcheck\\parchenchildwithoutcallback.tsx": {"path":"E:\\Data_E\\reactjan2026\\react-jan2026-app\\src\\components\\callbackcheck\\parchenchildwithoutcallback.tsx","statementMap":{"0":{"start":{"line":1,"column":0},"end":{"line":1,"column":33}},"1":{"start":{"line":8,"column":22},"end":{"line":31,"column":1}},"2":{"start":{"line":9,"column":28},"end":{"line":9,"column":55}},"3":{"start":{"line":10,"column":32},"end":{"line":10,"column":51}},"4":{"start":{"line":12,"column":17},"end":{"line":14,"column":3}},"5":{"start":{"line":13,"column":4},"end":{"line":13,"column":57}},"6":{"start":{"line":16,"column":2},"end":{"line":30,"column":4}},"7":{"start":{"line":19,"column":29},"end":{"line":19,"column":52}},"8":{"start":{"line":23,"column":20},"end":{"line":23,"column":33}},"9":{"start":{"line":34,"column":21},"end":{"line":37,"column":1}},"10":{"start":{"line":35,"column":4},"end":{"line":35,"column":47}},"11":{"start":{"line":36,"column":4},"end":{"line":36,"column":null}},"12":{"start":{"line":41,"column":0},"end":{"line":41,"column":31}}},"fnMap":{"0":{"name":"(anonymous_0)","decl":{"start":{"line":8,"column":22},"end":{"line":8,"column":24}},"loc":{"start":{"line":8,"column":26},"end":{"line":31,"column":1}}},"1":{"name":"(anonymous_1)","decl":{"start":{"line":12,"column":17},"end":{"line":12,"column":19}},"loc":{"start":{"line":12,"column":21},"end":{"line":14,"column":3}}},"2":{"name":"(anonymous_2)","decl":{"start":{"line":19,"column":25},"end":{"line":19,"column":27}},"loc":{"start":{"line":19,"column":29},"end":{"line":19,"column":52}}},"3":{"name":"(anonymous_3)","decl":{"start":{"line":22,"column":26},"end":{"line":22,"column":27}},"loc":{"start":{"line":23,"column":20},"end":{"line":23,"column":33}}},"4":{"name":"(anonymous_4)","decl":{"start":{"line":34,"column":21},"end":{"line":34,"column":22}},"loc":{"start":{"line":34,"column":37},"end":{"line":37,"column":1}}}},"branchMap":{},"s":{"0":0,"1":0,"2":0,"3":0,"4":0,"5":0,"6":0,"7":0,"8":0,"9":0,"10":0,"11":0,"12":0},"f":{"0":0,"1":0,"2":0,"3":0,"4":0},"b":{}}
,"E:\\Data_E\\reactjan2026\\react-jan2026-app\\src\\components\\contextschema\\datacontestschema.ts": {"path":"E:\\Data_E\\reactjan2026\\react-jan2026-app\\src\\components\\contextschema\\datacontestschema.ts","statementMap":{"0":{"start":{"line":1,"column":0},"end":{"line":1,"column":36}},"1":{"start":{"line":6,"column":20},"end":{"line":9,"column":2}},"2":{"start":{"line":11,"column":0},"end":{"line":11,"column":null}}},"fnMap":{"0":{"name":"(anonymous_0)","decl":{"start":{"line":8,"column":12},"end":{"line":8,"column":13}},"loc":{"start":{"line":8,"column":25},"end":{"line":8,"column":27}}}},"branchMap":{},"s":{"0":0,"1":0,"2":0},"f":{"0":0},"b":{}}
,"E:\\Data_E\\reactjan2026\\react-jan2026-app\\src\\components\\customhook\\customhookcomponent.tsx": {"path":"E:\\Data_E\\reactjan2026\\react-jan2026-app\\src\\components\\customhook\\customhookcomponent.tsx","statementMap":{"0":{"start":{"line":1,"column":0},"end":{"line":1,"column":45}},"1":{"start":{"line":3,"column":26},"end":{"line":14,"column":1}},"2":{"start":{"line":4,"column":23},"end":{"line":4,"column":122}},"3":{"start":{"line":6,"column":4},"end":{"line":13,"column":6}},"4":{"start":{"line":18,"column":0},"end":{"line":18,"column":35}}},"fnMap":{"0":{"name":"(anonymous_0)","decl":{"start":{"line":3,"column":26},"end":{"line":3,"column":28}},"loc":{"start":{"line":3,"column":30},"end":{"line":14,"column":1}}}},"branchMap":{},"s":{"0":0,"1":0,"2":0,"3":0,"4":0},"f":{"0":0},"b":{}}
,"E:\\Data_E\\reactjan2026\\react-jan2026-app\\src\\components\\customhook\\usfetcherhook.ts": {"path":"E:\\Data_E\\reactjan2026\\react-jan2026-app\\src\\components\\customhook\\usfetcherhook.ts","statementMap":{"0":{"start":{"line":1,"column":0},"end":{"line":1,"column":45}},"1":{"start":{"line":2,"column":0},"end":{"line":2,"column":87}},"2":{"start":{"line":5,"column":25},"end":{"line":25,"column":1}},"3":{"start":{"line":6,"column":34},"end":{"line":6,"column":67}},"4":{"start":{"line":7,"column":5},"end":{"line":22,"column":10}},"5":{"start":{"line":8,"column":26},"end":{"line":20,"column":null}},"6":{"start":{"line":8,"column":35},"end":{"line":20,"column":null}},"7":{"start":{"line":9,"column":12},"end":{"line":9,"column":50}},"8":{"start":{"line":10,"column":12},"end":{"line":19,"column":13}},"9":{"start":{"line":11,"column":34},"end":{"line":11,"column":50}},"10":{"start":{"line":12,"column":17},"end":{"line":14,"column":18}},"11":{"start":{"line":13,"column":20},"end":{"line":13,"column":59}},"12":{"start":{"line":15,"column":32},"end":{"line":15,"column":53}},"13":{"start":{"line":16,"column":17},"end":{"line":16,"column":71}},"14":{"start":{"line":18,"column":16},"end":{"line":18,"column":97}},"15":{"start":{"line":21,"column":8},"end":{"line":21,"column":20}},"16":{"start":{"line":24,"column":4},"end":{"line":24,"column":22}},"17":{"start":{"line":5,"column":13},"end":{"line":5,"column":25}}},"fnMap":{"0":{"name":"(anonymous_7)","decl":{"start":{"line":5,"column":25},"end":{"line":5,"column":26}},"loc":{"start":{"line":5,"column":39},"end":{"line":25,"column":1}}},"1":{"name":"(anonymous_8)","decl":{"start":{"line":7,"column":15},"end":{"line":7,"column":17}},"loc":{"start":{"line":7,"column":19},"end":{"line":22,"column":5}}},"2":{"name":"(anonymous_9)","decl":{"start":{"line":8,"column":26},"end":{"line":8,"column":33}},"loc":{"start":{"line":8,"column":35},"end":{"line":20,"column":null}}},"3":{"name":"(anonymous_10)","decl":{"start":{"line":8,"column":35},"end":{"line":8,"column":null}},"loc":{"start":{"line":8,"column":35},"end":{"line":20,"column":9}}}},"branchMap":{"0":{"loc":{"start":{"line":12,"column":17},"end":{"line":14,"column":18}},"type":"if","locations":[{"start":{"line":12,"column":17},"end":{"line":14,"column":18}},{"start":{},"end":{}}]}},"s":{"0":0,"1":0,"2":0,"3":0,"4":0,"5":0,"6":0,"7":0,"8":0,"9":0,"10":0,"11":0,"12":0,"13":0,"14":0,"15":0,"16":0,"17":0},"f":{"0":0,"1":0,"2":0,"3":0},"b":{"0":[0,0]}}
,"E:\\Data_E\\reactjan2026\\react-jan2026-app\\src\\components\\lifecycle\\mousemovecomponent.tsx": {"path":"E:\\Data_E\\reactjan2026\\react-jan2026-app\\src\\components\\lifecycle\\mousemovecomponent.tsx","statementMap":{"0":{"start":{"line":1,"column":0},"end":{"line":1,"column":58}},"1":{"start":{"line":3,"column":25},"end":{"line":41,"column":1}},"2":{"start":{"line":4,"column":19},"end":{"line":4,"column":38}},"3":{"start":{"line":5,"column":19},"end":{"line":5,"column":38}},"4":{"start":{"line":7,"column":25},"end":{"line":11,"column":3}},"5":{"start":{"line":8,"column":4},"end":{"line":8,"column":24}},"6":{"start":{"line":9,"column":4},"end":{"line":9,"column":24}},"7":{"start":{"line":10,"column":4},"end":{"line":10,"column":57}},"8":{"start":{"line":13,"column":2},"end":{"line":19,"column":8}},"9":{"start":{"line":15,"column":5},"end":{"line":15,"column":60}},"10":{"start":{"line":16,"column":5},"end":{"line":18,"column":null}},"11":{"start":{"line":17,"column":8},"end":{"line":17,"column":66}},"12":{"start":{"line":23,"column":2},"end":{"line":40,"column":4}},"13":{"start":{"line":44,"column":0},"end":{"line":44,"column":34}}},"fnMap":{"0":{"name":"(anonymous_0)","decl":{"start":{"line":3,"column":25},"end":{"line":3,"column":27}},"loc":{"start":{"line":3,"column":29},"end":{"line":41,"column":1}}},"1":{"name":"(anonymous_1)","decl":{"start":{"line":7,"column":25},"end":{"line":7,"column":26}},"loc":{"start":{"line":7,"column":45},"end":{"line":11,"column":3}}},"2":{"name":"(anonymous_2)","decl":{"start":{"line":13,"column":12},"end":{"line":13,"column":14}},"loc":{"start":{"line":13,"column":16},"end":{"line":19,"column":3}}},"3":{"name":"(anonymous_3)","decl":{"start":{"line":16,"column":11},"end":{"line":16,"column":13}},"loc":{"start":{"line":16,"column":15},"end":{"line":18,"column":6}}}},"branchMap":{},"s":{"0":0,"1":0,"2":0,"3":0,"4":0,"5":0,"6":0,"7":0,"8":0,"9":0,"10":0,"11":0,"12":0,"13":0},"f":{"0":0,"1":0,"2":0,"3":0},"b":{}}
,"E:\\Data_E\\reactjan2026\\react-jan2026-app\\src\\components\\lifecycle\\togglecomponent.tsx": {"path":"E:\\Data_E\\reactjan2026\\react-jan2026-app\\src\\components\\lifecycle\\togglecomponent.tsx","statementMap":{"0":{"start":{"line":1,"column":0},"end":{"line":1,"column":33}},"1":{"start":{"line":2,"column":0},"end":{"line":2,"column":54}},"2":{"start":{"line":3,"column":22},"end":{"line":23,"column":1}},"3":{"start":{"line":4,"column":31},"end":{"line":4,"column":45}},"4":{"start":{"line":6,"column":17},"end":{"line":8,"column":5}},"5":{"start":{"line":7,"column":8},"end":{"line":7,"column":26}},"6":{"start":{"line":10,"column":4},"end":{"line":22,"column":6}},"7":{"start":{"line":25,"column":0},"end":{"line":25,"column":31}}},"fnMap":{"0":{"name":"(anonymous_1)","decl":{"start":{"line":3,"column":22},"end":{"line":3,"column":24}},"loc":{"start":{"line":3,"column":26},"end":{"line":23,"column":1}}},"1":{"name":"(anonymous_2)","decl":{"start":{"line":6,"column":17},"end":{"line":6,"column":19}},"loc":{"start":{"line":6,"column":21},"end":{"line":8,"column":5}}}},"branchMap":{"0":{"loc":{"start":{"line":16,"column":17},"end":{"line":16,"column":40}},"type":"cond-expr","locations":[{"start":{"line":16,"column":26},"end":{"line":16,"column":32}},{"start":{"line":16,"column":34},"end":{"line":16,"column":40}}]},"1":{"loc":{"start":{"line":19,"column":12},"end":{"line":19,"column":44}},"type":"binary-expr","locations":[{"start":{"line":19,"column":12},"end":{"line":19,"column":19}},{"start":{"line":19,"column":23},"end":{"line":19,"column":44}}]}},"s":{"0":0,"1":0,"2":0,"3":0,"4":0,"5":0,"6":0,"7":0},"f":{"0":0,"1":0},"b":{"0":[0,0],"1":[0,0]}}
,"E:\\Data_E\\reactjan2026\\react-jan2026-app\\src\\components\\resusablecomponents\\tablegridcomponent.tsx": {"path":"E:\\Data_E\\reactjan2026\\react-jan2026-app\\src\\components\\resusablecomponents\\tablegridcomponent.tsx","statementMap":{"0":{"start":{"line":3,"column":27},"end":{"line":44,"column":1}},"1":{"start":{"line":6,"column":4},"end":{"line":9,"column":10}},"2":{"start":{"line":7,"column":8},"end":{"line":9,"column":10}},"3":{"start":{"line":11,"column":20},"end":{"line":11,"column":54}},"4":{"start":{"line":13,"column":4},"end":{"line":43,"column":null}},"5":{"start":{"line":20,"column":32},"end":{"line":20,"column":47}},"6":{"start":{"line":28,"column":28},"end":{"line":28,"column":40}},"7":{"start":{"line":28,"column":53},"end":{"line":28,"column":null}},"8":{"start":{"line":31,"column":40},"end":{"line":31,"column":55}},"9":{"start":{"line":46,"column":0},"end":{"line":46,"column":34}}},"fnMap":{"0":{"name":"(anonymous_0)","decl":{"start":{"line":3,"column":27},"end":{"line":3,"column":28}},"loc":{"start":{"line":3,"column":49},"end":{"line":44,"column":1}}},"1":{"name":"(anonymous_1)","decl":{"start":{"line":19,"column":40},"end":{"line":19,"column":41}},"loc":{"start":{"line":20,"column":32},"end":{"line":20,"column":47}}},"2":{"name":"(anonymous_2)","decl":{"start":{"line":27,"column":46},"end":{"line":27,"column":47}},"loc":{"start":{"line":28,"column":28},"end":{"line":28,"column":40}}},"3":{"name":"(anonymous_3)","decl":{"start":{"line":28,"column":49},"end":{"line":28,"column":51}},"loc":{"start":{"line":28,"column":53},"end":{"line":28,"column":null}}},"4":{"name":"(anonymous_4)","decl":{"start":{"line":30,"column":48},"end":{"line":30,"column":49}},"loc":{"start":{"line":31,"column":40},"end":{"line":31,"column":55}}}},"branchMap":{"0":{"loc":{"start":{"line":6,"column":4},"end":{"line":9,"column":10}},"type":"if","locations":[{"start":{"line":6,"column":4},"end":{"line":9,"column":10}},{"start":{},"end":{}}]},"1":{"loc":{"start":{"line":6,"column":8},"end":{"line":6,"column":101}},"type":"binary-expr","locations":[{"start":{"line":6,"column":8},"end":{"line":6,"column":33}},{"start":{"line":6,"column":37},"end":{"line":6,"column":67}},{"start":{"line":6,"column":71},"end":{"line":6,"column":101}}]},"2":{"loc":{"start":{"line":6,"column":37},"end":{"line":6,"column":61}},"type":"cond-expr","locations":[{"start":{"line":6,"column":53},"end":{"line":6,"column":55}},{"start":{"line":6,"column":53},"end":{"line":6,"column":61}}]},"3":{"loc":{"start":{"line":6,"column":37},"end":{"line":6,"column":55}},"type":"binary-expr","locations":[{"start":{"line":6,"column":37},"end":{"line":6,"column":55}},{"start":{"line":6,"column":53},"end":{"line":6,"column":55}}]},"4":{"loc":{"start":{"line":11,"column":32},"end":{"line":11,"column":53}},"type":"cond-expr","locations":[{"start":{"line":11,"column":48},"end":{"line":11,"column":51}},{"start":{"line":11,"column":48},"end":{"line":11,"column":53}}]},"5":{"loc":{"start":{"line":11,"column":32},"end":{"line":11,"column":51}},"type":"binary-expr","locations":[{"start":{"line":11,"column":32},"end":{"line":11,"column":51}},{"start":{"line":11,"column":48},"end":{"line":11,"column":51}}]},"6":{"loc":{"start":{"line":27,"column":24},"end":{"line":38,"column":26}},"type":"cond-expr","locations":[{"start":{"line":27,"column":40},"end":{"line":27,"column":42}},{"start":{"line":27,"column":40},"end":{"line":38,"column":26}}]},"7":{"loc":{"start":{"line":27,"column":24},"end":{"line":27,"column":42}},"type":"binary-expr","locations":[{"start":{"line":27,"column":24},"end":{"line":27,"column":42}},{"start":{"line":27,"column":40},"end":{"line":27,"column":42}}]},"8":{"loc":{"start":{"line":28,"column":53},"end":{"line":28,"column":76}},"type":"cond-expr","locations":[{"start":{"line":28,"column":66},"end":{"line":28,"column":69}},{"start":{"line":28,"column":66},"end":{"line":28,"column":76}}]},"9":{"loc":{"start":{"line":28,"column":53},"end":{"line":28,"column":69}},"type":"binary-expr","locations":[{"start":{"line":28,"column":53},"end":{"line":28,"column":69}},{"start":{"line":28,"column":66},"end":{"line":28,"column":69}}]}},"s":{"0":1,"1":20,"2":0,"3":20,"4":20,"5":80,"6":60,"7":0,"8":240,"9":1},"f":{"0":20,"1":80,"2":60,"3":0,"4":240},"b":{"0":[0,20],"1":[20,20,20],"2":[0,20],"3":[20,20],"4":[0,20],"5":[20,20],"6":[0,20],"7":[20,20],"8":[0,0],"9":[0,0]}}
,"E:\\Data_E\\reactjan2026\\react-jan2026-app\\src\\components\\resusablecomponents\\tablegridcontextcomponent.tsx": {"path":"E:\\Data_E\\reactjan2026\\react-jan2026-app\\src\\components\\resusablecomponents\\tablegridcontextcomponent.tsx","statementMap":{"0":{"start":{"line":1,"column":0},"end":{"line":1,"column":33}},"1":{"start":{"line":2,"column":0},"end":{"line":2,"column":61}},"2":{"start":{"line":3,"column":34},"end":{"line":48,"column":1}},"3":{"start":{"line":5,"column":20},"end":{"line":5,"column":43}},"4":{"start":{"line":7,"column":23},"end":{"line":7,"column":41}},"5":{"start":{"line":8,"column":21},"end":{"line":8,"column":36}},"6":{"start":{"line":13,"column":4},"end":{"line":16,"column":10}},"7":{"start":{"line":14,"column":8},"end":{"line":16,"column":10}},"8":{"start":{"line":18,"column":20},"end":{"line":18,"column":48}},"9":{"start":{"line":19,"column":4},"end":{"line":47,"column":null}},"10":{"start":{"line":26,"column":32},"end":{"line":26,"column":47}},"11":{"start":{"line":34,"column":28},"end":{"line":34,"column":40}},"12":{"start":{"line":34,"column":53},"end":{"line":34,"column":71}},"13":{"start":{"line":37,"column":40},"end":{"line":37,"column":55}},"14":{"start":{"line":50,"column":0},"end":{"line":50,"column":41}}},"fnMap":{"0":{"name":"(anonymous_1)","decl":{"start":{"line":3,"column":34},"end":{"line":3,"column":37}},"loc":{"start":{"line":3,"column":39},"end":{"line":48,"column":1}}},"1":{"name":"(anonymous_2)","decl":{"start":{"line":25,"column":40},"end":{"line":25,"column":41}},"loc":{"start":{"line":26,"column":32},"end":{"line":26,"column":47}}},"2":{"name":"(anonymous_3)","decl":{"start":{"line":33,"column":40},"end":{"line":33,"column":41}},"loc":{"start":{"line":34,"column":28},"end":{"line":34,"column":40}}},"3":{"name":"(anonymous_4)","decl":{"start":{"line":34,"column":49},"end":{"line":34,"column":51}},"loc":{"start":{"line":34,"column":53},"end":{"line":34,"column":71}}},"4":{"name":"(anonymous_5)","decl":{"start":{"line":36,"column":48},"end":{"line":36,"column":49}},"loc":{"start":{"line":37,"column":40},"end":{"line":37,"column":55}}}},"branchMap":{"0":{"loc":{"start":{"line":13,"column":4},"end":{"line":16,"column":10}},"type":"if","locations":[{"start":{"line":13,"column":4},"end":{"line":16,"column":10}},{"start":{},"end":{}}]},"1":{"loc":{"start":{"line":13,"column":8},"end":{"line":13,"column":55}},"type":"binary-expr","locations":[{"start":{"line":13,"column":8},"end":{"line":13,"column":27}},{"start":{"line":13,"column":31},"end":{"line":13,"column":55}}]},"2":{"loc":{"start":{"line":13,"column":31},"end":{"line":13,"column":49}},"type":"cond-expr","locations":[{"start":{"line":13,"column":41},"end":{"line":13,"column":43}},{"start":{"line":13,"column":31},"end":{"line":13,"column":49}}]},"3":{"loc":{"start":{"line":13,"column":31},"end":{"line":13,"column":43}},"type":"binary-expr","locations":[{"start":{"line":13,"column":31},"end":{"line":13,"column":43}},{"start":{"line":13,"column":31},"end":{"line":13,"column":43}}]},"4":{"loc":{"start":{"line":18,"column":32},"end":{"line":18,"column":47}},"type":"cond-expr","locations":[{"start":{"line":18,"column":42},"end":{"line":18,"column":45}},{"start":{"line":18,"column":32},"end":{"line":18,"column":47}}]},"5":{"loc":{"start":{"line":18,"column":32},"end":{"line":18,"column":45}},"type":"binary-expr","locations":[{"start":{"line":18,"column":32},"end":{"line":18,"column":45}},{"start":{"line":18,"column":32},"end":{"line":18,"column":45}}]},"6":{"loc":{"start":{"line":33,"column":24},"end":{"line":42,"column":26}},"type":"cond-expr","locations":[{"start":{"line":33,"column":34},"end":{"line":33,"column":36}},{"start":{"line":33,"column":24},"end":{"line":42,"column":26}}]},"7":{"loc":{"start":{"line":33,"column":24},"end":{"line":33,"column":36}},"type":"binary-expr","locations":[{"start":{"line":33,"column":24},"end":{"line":33,"column":36}},{"start":{"line":33,"column":24},"end":{"line":33,"column":36}}]},"8":{"loc":{"start":{"line":34,"column":53},"end":{"line":34,"column":71}},"type":"cond-expr","locations":[{"start":{"line":34,"column":61},"end":{"line":34,"column":64}},{"start":{"line":34,"column":53},"end":{"line":34,"column":71}}]},"9":{"loc":{"start":{"line":34,"column":53},"end":{"line":34,"column":64}},"type":"binary-expr","locations":[{"start":{"line":34,"column":53},"end":{"line":34,"column":64}},{"start":{"line":34,"column":53},"end":{"line":34,"column":64}}]}},"s":{"0":0,"1":0,"2":0,"3":0,"4":0,"5":0,"6":0,"7":0,"8":0,"9":0,"10":0,"11":0,"12":0,"13":0,"14":0},"f":{"0":0,"1":0,"2":0,"3":0,"4":0},"b":{"0":[0,0],"1":[0,0],"2":[0,0],"3":[0,0],"4":[0,0],"5":[0,0],"6":[0,0],"7":[0,0],"8":[0,0],"9":[0,0]}}
,"E:\\Data_E\\reactjan2026\\react-jan2026-app\\src\\components\\tanstackexample\\CategoryApi.ts": {"path":"E:\\Data_E\\reactjan2026\\react-jan2026-app\\src\\components\\tanstackexample\\CategoryApi.ts","statementMap":{"0":{"start":{"line":7,"column":0},"end":{"line":7,"column":22}},"1":{"start":{"line":25,"column":0},"end":{"line":25,"column":22}},"2":{"start":{"line":32,"column":0},"end":{"line":32,"column":22}},"3":{"start":{"line":40,"column":0},"end":{"line":40,"column":22}},"4":{"start":{"line":1,"column":0},"end":{"line":1,"column":26}},"5":{"start":{"line":4,"column":17},"end":{"line":4,"column":104}},"6":{"start":{"line":5,"column":18},"end":{"line":5,"column":106}},"7":{"start":{"line":8,"column":15},"end":{"line":8,"column":40}},"8":{"start":{"line":9,"column":15},"end":{"line":9,"column":24}},"9":{"start":{"line":10,"column":2},"end":{"line":10,"column":53}},"10":{"start":{"line":10,"column":27},"end":{"line":10,"column":53}},"11":{"start":{"line":12,"column":2},"end":{"line":12,"column":64}},"12":{"start":{"line":12,"column":33},"end":{"line":12,"column":64}},"13":{"start":{"line":13,"column":2},"end":{"line":13,"column":76}},"14":{"start":{"line":13,"column":39},"end":{"line":13,"column":76}},"15":{"start":{"line":14,"column":2},"end":{"line":14,"column":70}},"16":{"start":{"line":14,"column":36},"end":{"line":14,"column":70}},"17":{"start":{"line":16,"column":2},"end":{"line":16,"column":70}},"18":{"start":{"line":16,"column":36},"end":{"line":16,"column":70}},"19":{"start":{"line":18,"column":2},"end":{"line":21,"column":3}},"20":{"start":{"line":20,"column":4},"end":{"line":20,"column":71}},"21":{"start":{"line":20,"column":45},"end":{"line":20,"column":71}},"22":{"start":{"line":22,"column":2},"end":{"line":22,"column":12}},"23":{"start":{"line":26,"column":15},"end":{"line":28,"column":4}},"24":{"start":{"line":29,"column":2},"end":{"line":29,"column":19}},"25":{"start":{"line":34,"column":15},"end":{"line":36,"column":4}},"26":{"start":{"line":37,"column":2},"end":{"line":37,"column":19}},"27":{"start":{"line":42,"column":15},"end":{"line":42,"column":80}},"28":{"start":{"line":43,"column":2},"end":{"line":43,"column":19}}},"fnMap":{"0":{"name":"fetchCategories","decl":{"start":{"line":7,"column":22},"end":{"line":7,"column":37}},"loc":{"start":{"line":7,"column":37},"end":{"line":23,"column":null}}},"1":{"name":"createCategory","decl":{"start":{"line":25,"column":22},"end":{"line":25,"column":36}},"loc":{"start":{"line":25,"column":59},"end":{"line":30,"column":null}}},"2":{"name":"updateCategory","decl":{"start":{"line":32,"column":22},"end":{"line":32,"column":36}},"loc":{"start":{"line":32,"column":50},"end":{"line":38,"column":null}}},"3":{"name":"deleteCategory","decl":{"start":{"line":40,"column":22},"end":{"line":40,"column":36}},"loc":{"start":{"line":40,"column":47},"end":{"line":44,"column":null}}}},"branchMap":{"0":{"loc":{"start":{"line":10,"column":2},"end":{"line":10,"column":53}},"type":"if","locations":[{"start":{"line":10,"column":2},"end":{"line":10,"column":53}},{"start":{},"end":{}}]},"1":{"loc":{"start":{"line":12,"column":2},"end":{"line":12,"column":64}},"type":"if","locations":[{"start":{"line":12,"column":2},"end":{"line":12,"column":64}},{"start":{},"end":{}}]},"2":{"loc":{"start":{"line":12,"column":20},"end":{"line":12,"column":30}},"type":"cond-expr","locations":[{"start":{"line":12,"column":24},"end":{"line":12,"column":26}},{"start":{"line":12,"column":20},"end":{"line":12,"column":30}}]},"3":{"loc":{"start":{"line":12,"column":20},"end":{"line":12,"column":26}},"type":"binary-expr","locations":[{"start":{"line":12,"column":20},"end":{"line":12,"column":26}},{"start":{"line":12,"column":20},"end":{"line":12,"column":26}}]},"4":{"loc":{"start":{"line":13,"column":2},"end":{"line":13,"column":76}},"type":"if","locations":[{"start":{"line":13,"column":2},"end":{"line":13,"column":76}},{"start":{},"end":{}}]},"5":{"loc":{"start":{"line":13,"column":20},"end":{"line":13,"column":36}},"type":"cond-expr","locations":[{"start":{"line":13,"column":24},"end":{"line":13,"column":26}},{"start":{"line":13,"column":20},"end":{"line":13,"column":36}}]},"6":{"loc":{"start":{"line":13,"column":20},"end":{"line":13,"column":26}},"type":"binary-expr","locations":[{"start":{"line":13,"column":20},"end":{"line":13,"column":26}},{"start":{"line":13,"column":20},"end":{"line":13,"column":26}}]},"7":{"loc":{"start":{"line":14,"column":2},"end":{"line":14,"column":70}},"type":"if","locations":[{"start":{"line":14,"column":2},"end":{"line":14,"column":70}},{"start":{},"end":{}}]},"8":{"loc":{"start":{"line":14,"column":20},"end":{"line":14,"column":33}},"type":"cond-expr","locations":[{"start":{"line":14,"column":24},"end":{"line":14,"column":26}},{"start":{"line":14,"column":20},"end":{"line":14,"column":33}}]},"9":{"loc":{"start":{"line":14,"column":20},"end":{"line":14,"column":26}},"type":"binary-expr","locations":[{"start":{"line":14,"column":20},"end":{"line":14,"column":26}},{"start":{"line":14,"column":20},"end":{"line":14,"column":26}}]},"10":{"loc":{"start":{"line":16,"column":2},"end":{"line":16,"column":70}},"type":"if","locations":[{"start":{"line":16,"column":2},"end":{"line":16,"column":70}},{"start":{},"end":{}}]},"11":{"loc":{"start":{"line":16,"column":20},"end":{"line":16,"column":33}},"type":"cond-expr","locations":[{"start":{"line":16,"column":24},"end":{"line":16,"column":26}},{"start":{"line":16,"column":20},"end":{"line":16,"column":33}}]},"12":{"loc":{"start":{"line":16,"column":20},"end":{"line":16,"column":26}},"type":"binary-expr","locations":[{"start":{"line":16,"column":20},"end":{"line":16,"column":26}},{"start":{"line":16,"column":20},"end":{"line":16,"column":26}}]},"13":{"loc":{"start":{"line":18,"column":2},"end":{"line":21,"column":3}},"type":"if","locations":[{"start":{"line":18,"column":2},"end":{"line":21,"column":3}},{"start":{},"end":{}}]},"14":{"loc":{"start":{"line":18,"column":6},"end":{"line":18,"column":38}},"type":"binary-expr","locations":[{"start":{"line":18,"column":6},"end":{"line":18,"column":10}},{"start":{"line":18,"column":14},"end":{"line":18,"column":38}}]},"15":{"loc":{"start":{"line":20,"column":4},"end":{"line":20,"column":71}},"type":"if","locations":[{"start":{"line":20,"column":4},"end":{"line":20,"column":71}},{"start":{},"end":{}}]}},"s":{"0":0,"1":0,"2":0,"3":0,"4":0,"5":0,"6":0,"7":0,"8":0,"9":0,"10":0,"11":0,"12":0,"13":0,"14":0,"15":0,"16":0,"17":0,"18":0,"19":0,"20":0,"21":0,"22":0,"23":0,"24":0,"25":0,"26":0,"27":0,"28":0},"f":{"0":0,"1":0,"2":0,"3":0},"b":{"0":[0,0],"1":[0,0],"2":[0,0],"3":[0,0],"4":[0,0],"5":[0,0],"6":[0,0],"7":[0,0],"8":[0,0],"9":[0,0],"10":[0,0],"11":[0,0],"12":[0,0],"13":[0,0],"14":[0,0],"15":[0,0]}}
,"E:\\Data_E\\reactjan2026\\react-jan2026-app\\src\\components\\tanstackexample\\TanstackCategoryCrud.tsx": {"path":"E:\\Data_E\\reactjan2026\\react-jan2026-app\\src\\components\\tanstackexample\\TanstackCategoryCrud.tsx","statementMap":{"0":{"start":{"line":82,"column":0},"end":{"line":82,"column":24}},"1":{"start":{"line":1,"column":0},"end":{"line":1,"column":40}},"2":{"start":{"line":2,"column":0},"end":{"line":2,"column":112}},"3":{"start":{"line":3,"column":0},"end":{"line":3,"column":96}},"4":{"start":{"line":4,"column":0},"end":{"line":4,"column":58}},"5":{"start":{"line":5,"column":0},"end":{"line":5,"column":58}},"6":{"start":{"line":8,"column":20},"end":{"line":8,"column":37}},"7":{"start":{"line":11,"column":34},"end":{"line":11,"column":65}},"8":{"start":{"line":12,"column":13},"end":{"line":12,"column":29}},"9":{"start":{"line":14,"column":54},"end":{"line":14,"column":118}},"10":{"start":{"line":16,"column":20},"end":{"line":19,"column":4}},"11":{"start":{"line":17,"column":44},"end":{"line":17,"column":63}},"12":{"start":{"line":18,"column":21},"end":{"line":18,"column":71}},"13":{"start":{"line":21,"column":20},"end":{"line":27,"column":4}},"14":{"start":{"line":22,"column":35},"end":{"line":22,"column":54}},"15":{"start":{"line":24,"column":6},"end":{"line":24,"column":57}},"16":{"start":{"line":25,"column":6},"end":{"line":25,"column":24}},"17":{"start":{"line":29,"column":20},"end":{"line":32,"column":4}},"18":{"start":{"line":30,"column":32},"end":{"line":30,"column":50}},"19":{"start":{"line":31,"column":21},"end":{"line":31,"column":71}},"20":{"start":{"line":35,"column":4},"end":{"line":39,"column":5}},"21":{"start":{"line":36,"column":6},"end":{"line":36,"column":40}},"22":{"start":{"line":38,"column":6},"end":{"line":38,"column":28}},"23":{"start":{"line":43,"column":4},"end":{"line":45,"column":5}},"24":{"start":{"line":44,"column":6},"end":{"line":44,"column":27}},"25":{"start":{"line":48,"column":2},"end":{"line":79,"column":4}},"26":{"start":{"line":67,"column":27},"end":{"line":67,"column":41}},"27":{"start":{"line":75,"column":24},"end":{"line":75,"column":41}},"28":{"start":{"line":83,"column":2},"end":{"line":87,"column":4}}},"fnMap":{"0":{"name":"Inner","decl":{"start":{"line":10,"column":9},"end":{"line":10,"column":14}},"loc":{"start":{"line":10,"column":14},"end":{"line":80,"column":1}}},"1":{"name":"(anonymous_11)","decl":{"start":{"line":17,"column":16},"end":{"line":17,"column":17}},"loc":{"start":{"line":17,"column":44},"end":{"line":17,"column":63}}},"2":{"name":"(anonymous_12)","decl":{"start":{"line":18,"column":15},"end":{"line":18,"column":18}},"loc":{"start":{"line":18,"column":21},"end":{"line":18,"column":71}}},"3":{"name":"(anonymous_13)","decl":{"start":{"line":22,"column":16},"end":{"line":22,"column":17}},"loc":{"start":{"line":22,"column":35},"end":{"line":22,"column":54}}},"4":{"name":"(anonymous_14)","decl":{"start":{"line":23,"column":15},"end":{"line":23,"column":18}},"loc":{"start":{"line":23,"column":20},"end":{"line":26,"column":5}}},"5":{"name":"(anonymous_15)","decl":{"start":{"line":30,"column":16},"end":{"line":30,"column":17}},"loc":{"start":{"line":30,"column":32},"end":{"line":30,"column":50}}},"6":{"name":"(anonymous_16)","decl":{"start":{"line":31,"column":15},"end":{"line":31,"column":18}},"loc":{"start":{"line":31,"column":21},"end":{"line":31,"column":71}}},"7":{"name":"handleSubmit","decl":{"start":{"line":34,"column":11},"end":{"line":34,"column":23}},"loc":{"start":{"line":34,"column":46},"end":{"line":40,"column":3}}},"8":{"name":"handleDelete","decl":{"start":{"line":42,"column":11},"end":{"line":42,"column":23}},"loc":{"start":{"line":42,"column":34},"end":{"line":46,"column":3}}},"9":{"name":"(anonymous_19)","decl":{"start":{"line":67,"column":20},"end":{"line":67,"column":21}},"loc":{"start":{"line":67,"column":27},"end":{"line":67,"column":41}}},"10":{"name":"(anonymous_20)","decl":{"start":{"line":75,"column":18},"end":{"line":75,"column":21}},"loc":{"start":{"line":75,"column":24},"end":{"line":75,"column":41}}},"11":{"name":"TanstackCategoryCrudWrapper","decl":{"start":{"line":82,"column":24},"end":{"line":82,"column":51}},"loc":{"start":{"line":82,"column":51},"end":{"line":88,"column":1}}}},"branchMap":{"0":{"loc":{"start":{"line":35,"column":4},"end":{"line":39,"column":5}},"type":"if","locations":[{"start":{"line":35,"column":4},"end":{"line":39,"column":5}},{"start":{"line":37,"column":11},"end":{"line":39,"column":5}}]},"1":{"loc":{"start":{"line":35,"column":8},"end":{"line":35,"column":56}},"type":"binary-expr","locations":[{"start":{"line":35,"column":8},"end":{"line":35,"column":28}},{"start":{"line":35,"column":32},"end":{"line":35,"column":56}}]},"2":{"loc":{"start":{"line":43,"column":4},"end":{"line":45,"column":5}},"type":"if","locations":[{"start":{"line":43,"column":4},"end":{"line":45,"column":5}},{"start":{},"end":{}}]},"3":{"loc":{"start":{"line":51,"column":7},"end":{"line":70,"column":null}},"type":"cond-expr","locations":[{"start":{"line":52,"column":8},"end":{"line":52,"column":29}},{"start":{"line":54,"column":8},"end":{"line":69,"column":null}}]},"4":{"loc":{"start":{"line":56,"column":61},"end":{"line":56,"column":116}},"type":"binary-expr","locations":[{"start":{"line":56,"column":61},"end":{"line":56,"column":68}},{"start":{"line":56,"column":72},"end":{"line":56,"column":116}}]},"5":{"loc":{"start":{"line":57,"column":13},"end":{"line":57,"column":102}},"type":"binary-expr","locations":[{"start":{"line":57,"column":13},"end":{"line":57,"column":20}},{"start":{"line":57,"column":24},"end":{"line":57,"column":102}}]},"6":{"loc":{"start":{"line":57,"column":62},"end":{"line":57,"column":94}},"type":"binary-expr","locations":[{"start":{"line":57,"column":63},"end":{"line":57,"column":85}},{"start":{"line":57,"column":89},"end":{"line":57,"column":94}}]},"7":{"loc":{"start":{"line":57,"column":63},"end":{"line":57,"column":85}},"type":"cond-expr","locations":[{"start":{"line":57,"column":68},"end":{"line":57,"column":76}},{"start":{"line":57,"column":63},"end":{"line":57,"column":85}}]},"8":{"loc":{"start":{"line":57,"column":63},"end":{"line":57,"column":76}},"type":"binary-expr","locations":[{"start":{"line":57,"column":63},"end":{"line":57,"column":78}},{"start":{"line":57,"column":63},"end":{"line":57,"column":76}}]},"9":{"loc":{"start":{"line":66,"column":24},"end":{"line":66,"column":34}},"type":"binary-expr","locations":[{"start":{"line":66,"column":24},"end":{"line":66,"column":28}},{"start":{"line":66,"column":32},"end":{"line":66,"column":34}}]}},"s":{"0":0,"1":0,"2":0,"3":0,"4":0,"5":0,"6":0,"7":0,"8":0,"9":0,"10":0,"11":0,"12":0,"13":0,"14":0,"15":0,"16":0,"17":0,"18":0,"19":0,"20":0,"21":0,"22":0,"23":0,"24":0,"25":0,"26":0,"27":0,"28":0},"f":{"0":0,"1":0,"2":0,"3":0,"4":0,"5":0,"6":0,"7":0,"8":0,"9":0,"10":0,"11":0},"b":{"0":[0,0],"1":[0,0],"2":[0,0],"3":[0,0],"4":[0,0],"5":[0,0],"6":[0,0],"7":[0,0],"8":[0,0],"9":[0,0]}}
,"E:\\Data_E\\reactjan2026\\react-jan2026-app\\src\\components\\tanstackexample\\TanstackCategoryForm.tsx": {"path":"E:\\Data_E\\reactjan2026\\react-jan2026-app\\src\\components\\tanstackexample\\TanstackCategoryForm.tsx","statementMap":{"0":{"start":{"line":10,"column":0},"end":{"line":10,"column":24}},"1":{"start":{"line":1,"column":0},"end":{"line":1,"column":51}},"2":{"start":{"line":11,"column":38},"end":{"line":11,"column":50}},"3":{"start":{"line":12,"column":42},"end":{"line":12,"column":54}},"4":{"start":{"line":13,"column":36},"end":{"line":13,"column":55}},"5":{"start":{"line":15,"column":2},"end":{"line":25,"column":17}},"6":{"start":{"line":16,"column":4},"end":{"line":24,"column":5}},"7":{"start":{"line":17,"column":6},"end":{"line":17,"column":41}},"8":{"start":{"line":18,"column":6},"end":{"line":18,"column":45}},"9":{"start":{"line":19,"column":6},"end":{"line":19,"column":39}},"10":{"start":{"line":21,"column":6},"end":{"line":21,"column":24}},"11":{"start":{"line":22,"column":6},"end":{"line":22,"column":26}},"12":{"start":{"line":23,"column":6},"end":{"line":23,"column":22}},"13":{"start":{"line":28,"column":4},"end":{"line":28,"column":23}},"14":{"start":{"line":29,"column":39},"end":{"line":34,"column":6}},"15":{"start":{"line":35,"column":4},"end":{"line":35,"column":22}},"16":{"start":{"line":38,"column":2},"end":{"line":65,"column":4}},"17":{"start":{"line":42,"column":51},"end":{"line":42,"column":80}},"18":{"start":{"line":46,"column":53},"end":{"line":46,"column":84}},"19":{"start":{"line":53,"column":27},"end":{"line":53,"column":63}}},"fnMap":{"0":{"name":"TanstackCategoryForm","decl":{"start":{"line":10,"column":24},"end":{"line":10,"column":44}},"loc":{"start":{"line":10,"column":84},"end":{"line":66,"column":1}}},"1":{"name":"(anonymous_10)","decl":{"start":{"line":15,"column":12},"end":{"line":15,"column":15}},"loc":{"start":{"line":15,"column":17},"end":{"line":25,"column":3}}},"2":{"name":"submit","decl":{"start":{"line":27,"column":11},"end":{"line":27,"column":17}},"loc":{"start":{"line":27,"column":36},"end":{"line":36,"column":3}}},"3":{"name":"(anonymous_12)","decl":{"start":{"line":42,"column":44},"end":{"line":42,"column":45}},"loc":{"start":{"line":42,"column":51},"end":{"line":42,"column":80}}},"4":{"name":"(anonymous_13)","decl":{"start":{"line":46,"column":46},"end":{"line":46,"column":47}},"loc":{"start":{"line":46,"column":53},"end":{"line":46,"column":84}}},"5":{"name":"(anonymous_14)","decl":{"start":{"line":53,"column":20},"end":{"line":53,"column":21}},"loc":{"start":{"line":53,"column":27},"end":{"line":53,"column":63}}}},"branchMap":{"0":{"loc":{"start":{"line":16,"column":4},"end":{"line":24,"column":5}},"type":"if","locations":[{"start":{"line":16,"column":4},"end":{"line":24,"column":5}},{"start":{"line":20,"column":11},"end":{"line":24,"column":5}}]},"1":{"loc":{"start":{"line":30,"column":24},"end":{"line":30,"column":55}},"type":"binary-expr","locations":[{"start":{"line":30,"column":24},"end":{"line":30,"column":50}},{"start":{"line":30,"column":54},"end":{"line":30,"column":55}}]},"2":{"loc":{"start":{"line":30,"column":24},"end":{"line":30,"column":50}},"type":"cond-expr","locations":[{"start":{"line":30,"column":32},"end":{"line":30,"column":34}},{"start":{"line":30,"column":24},"end":{"line":30,"column":50}}]},"3":{"loc":{"start":{"line":30,"column":24},"end":{"line":30,"column":34}},"type":"binary-expr","locations":[{"start":{"line":30,"column":24},"end":{"line":30,"column":34}},{"start":{"line":30,"column":24},"end":{"line":30,"column":34}}]},"4":{"loc":{"start":{"line":58,"column":9},"end":{"line":61,"column":null}},"type":"binary-expr","locations":[{"start":{"line":58,"column":9},"end":{"line":58,"column":17}},{"start":{"line":59,"column":10},"end":{"line":59,"column":null}}]}},"s":{"0":0,"1":0,"2":0,"3":0,"4":0,"5":0,"6":0,"7":0,"8":0,"9":0,"10":0,"11":0,"12":0,"13":0,"14":0,"15":0,"16":0,"17":0,"18":0,"19":0},"f":{"0":0,"1":0,"2":0,"3":0,"4":0,"5":0},"b":{"0":[0,0],"1":[0,0],"2":[0,0],"3":[0,0],"4":[0,0]}}
,"E:\\Data_E\\reactjan2026\\react-jan2026-app\\src\\components\\tanstackexample\\TanstackCategoryList.tsx": {"path":"E:\\Data_E\\reactjan2026\\react-jan2026-app\\src\\components\\tanstackexample\\TanstackCategoryList.tsx","statementMap":{"0":{"start":{"line":10,"column":0},"end":{"line":10,"column":24}},"1":{"start":{"line":1,"column":0},"end":{"line":1,"column":26}},"2":{"start":{"line":11,"column":15},"end":{"line":11,"column":58}},"3":{"start":{"line":12,"column":2},"end":{"line":43,"column":4}},"4":{"start":{"line":27,"column":12},"end":{"line":27,"column":null}},"5":{"start":{"line":33,"column":39},"end":{"line":33,"column":48}},"6":{"start":{"line":36,"column":39},"end":{"line":36,"column":67}}},"fnMap":{"0":{"name":"TanstackCategoryList","decl":{"start":{"line":10,"column":24},"end":{"line":10,"column":44}},"loc":{"start":{"line":10,"column":84},"end":{"line":44,"column":1}}},"1":{"name":"(anonymous_2)","decl":{"start":{"line":26,"column":20},"end":{"line":26,"column":21}},"loc":{"start":{"line":27,"column":12},"end":{"line":27,"column":null}}},"2":{"name":"(anonymous_3)","decl":{"start":{"line":33,"column":33},"end":{"line":33,"column":36}},"loc":{"start":{"line":33,"column":39},"end":{"line":33,"column":48}}},"3":{"name":"(anonymous_4)","decl":{"start":{"line":36,"column":33},"end":{"line":36,"column":36}},"loc":{"start":{"line":36,"column":39},"end":{"line":36,"column":67}}}},"branchMap":{"0":{"loc":{"start":{"line":11,"column":15},"end":{"line":11,"column":58}},"type":"cond-expr","locations":[{"start":{"line":11,"column":43},"end":{"line":11,"column":53}},{"start":{"line":11,"column":56},"end":{"line":11,"column":58}}]}},"s":{"0":0,"1":0,"2":0,"3":0,"4":0,"5":0,"6":0},"f":{"0":0,"1":0,"2":0,"3":0},"b":{"0":[0,0]}}
,"E:\\Data_E\\reactjan2026\\react-jan2026-app\\src\\components\\tanstackexample\\index.ts": {"path":"E:\\Data_E\\reactjan2026\\react-jan2026-app\\src\\components\\tanstackexample\\index.ts","statementMap":{"0":{"start":{"line":1,"column":0},"end":{"line":1,"column":9}},"1":{"start":{"line":1,"column":9},"end":{"line":1,"column":40}},"2":{"start":{"line":2,"column":0},"end":{"line":2,"column":9}},"3":{"start":{"line":2,"column":9},"end":{"line":2,"column":40}},"4":{"start":{"line":3,"column":0},"end":{"line":3,"column":9}},"5":{"start":{"line":3,"column":9},"end":{"line":3,"column":40}}},"fnMap":{"0":{"name":"(anonymous_1)","decl":{"start":{"line":1,"column":9},"end":{"line":1,"column":16}},"loc":{"start":{"line":1,"column":9},"end":{"line":1,"column":40}}},"1":{"name":"(anonymous_2)","decl":{"start":{"line":2,"column":9},"end":{"line":2,"column":16}},"loc":{"start":{"line":2,"column":9},"end":{"line":2,"column":40}}},"2":{"name":"(anonymous_3)","decl":{"start":{"line":3,"column":9},"end":{"line":3,"column":16}},"loc":{"start":{"line":3,"column":9},"end":{"line":3,"column":40}}}},"branchMap":{},"s":{"0":0,"1":0,"2":0,"3":0,"4":0,"5":0},"f":{"0":0,"1":0,"2":0},"b":{}}
,"E:\\Data_E\\reactjan2026\\react-jan2026-app\\src\\components\\tanstackqueryexample\\categorystatetanstackcomponent.tsx": {"path":"E:\\Data_E\\reactjan2026\\react-jan2026-app\\src\\components\\tanstackqueryexample\\categorystatetanstackcomponent.tsx","statementMap":{"0":{"start":{"line":1,"column":0},"end":{"line":1,"column":33}},"1":{"start":{"line":3,"column":0},"end":{"line":3,"column":89}},"2":{"start":{"line":4,"column":0},"end":{"line":4,"column":73}},"3":{"start":{"line":5,"column":0},"end":{"line":5,"column":49}},"4":{"start":{"line":6,"column":0},"end":{"line":6,"column":75}},"5":{"start":{"line":7,"column":42},"end":{"line":113,"column":1}},"6":{"start":{"line":8,"column":37},"end":{"line":8,"column":80}},"7":{"start":{"line":9,"column":40},"end":{"line":9,"column":64}},"8":{"start":{"line":11,"column":17},"end":{"line":11,"column":42}},"9":{"start":{"line":14,"column":24},"end":{"line":14,"column":41}},"10":{"start":{"line":16,"column":37},"end":{"line":19,"column":6}},"11":{"start":{"line":18,"column":21},"end":{"line":18,"column":41}},"12":{"start":{"line":24,"column":25},"end":{"line":30,"column":6}},"13":{"start":{"line":25,"column":43},"end":{"line":25,"column":73}},"14":{"start":{"line":28,"column":12},"end":{"line":28,"column":69}},"15":{"start":{"line":32,"column":23},"end":{"line":41,"column":6}},"16":{"start":{"line":33,"column":44},"end":{"line":33,"column":73}},"17":{"start":{"line":43,"column":25},"end":{"line":53,"column":6}},"18":{"start":{"line":44,"column":44},"end":{"line":44,"column":91}},"19":{"start":{"line":55,"column":15},"end":{"line":59,"column":5}},"20":{"start":{"line":57,"column":9},"end":{"line":57,"column":39}},"21":{"start":{"line":58,"column":9},"end":{"line":58,"column":17}},"22":{"start":{"line":60,"column":16},"end":{"line":62,"column":5}},"23":{"start":{"line":61,"column":8},"end":{"line":61,"column":45}},"24":{"start":{"line":65,"column":4},"end":{"line":65,"column":null}},"25":{"start":{"line":65,"column":18},"end":{"line":65,"column":null}},"26":{"start":{"line":67,"column":4},"end":{"line":67,"column":null}},"27":{"start":{"line":67,"column":14},"end":{"line":67,"column":null}},"28":{"start":{"line":69,"column":4},"end":{"line":111,"column":6}},"29":{"start":{"line":76,"column":33},"end":{"line":76,"column":104}},"30":{"start":{"line":83,"column":33},"end":{"line":83,"column":88}},"31":{"start":{"line":90,"column":33},"end":{"line":90,"column":90}},"32":{"start":{"line":97,"column":33},"end":{"line":97,"column":97}},"33":{"start":{"line":117,"column":0},"end":{"line":117,"column":51}}},"fnMap":{"0":{"name":"(anonymous_1)","decl":{"start":{"line":7,"column":42},"end":{"line":7,"column":44}},"loc":{"start":{"line":7,"column":46},"end":{"line":113,"column":1}}},"1":{"name":"(anonymous_2)","decl":{"start":{"line":18,"column":17},"end":{"line":18,"column":19}},"loc":{"start":{"line":18,"column":21},"end":{"line":18,"column":41}}},"2":{"name":"(anonymous_3)","decl":{"start":{"line":25,"column":19},"end":{"line":25,"column":20}},"loc":{"start":{"line":25,"column":43},"end":{"line":25,"column":73}}},"3":{"name":"(anonymous_4)","decl":{"start":{"line":26,"column":19},"end":{"line":26,"column":21}},"loc":{"start":{"line":26,"column":23},"end":{"line":29,"column":9}}},"4":{"name":"(anonymous_5)","decl":{"start":{"line":33,"column":20},"end":{"line":33,"column":21}},"loc":{"start":{"line":33,"column":44},"end":{"line":33,"column":73}}},"5":{"name":"(anonymous_6)","decl":{"start":{"line":35,"column":17},"end":{"line":35,"column":19}},"loc":{"start":{"line":35,"column":21},"end":{"line":37,"column":9}}},"6":{"name":"(anonymous_7)","decl":{"start":{"line":38,"column":16},"end":{"line":38,"column":18}},"loc":{"start":{"line":38,"column":20},"end":{"line":40,"column":9}}},"7":{"name":"(anonymous_8)","decl":{"start":{"line":44,"column":20},"end":{"line":44,"column":21}},"loc":{"start":{"line":44,"column":44},"end":{"line":44,"column":91}}},"8":{"name":"(anonymous_9)","decl":{"start":{"line":46,"column":18},"end":{"line":46,"column":20}},"loc":{"start":{"line":46,"column":22},"end":{"line":48,"column":9}}},"9":{"name":"(anonymous_10)","decl":{"start":{"line":49,"column":16},"end":{"line":49,"column":18}},"loc":{"start":{"line":49,"column":20},"end":{"line":51,"column":9}}},"10":{"name":"(anonymous_11)","decl":{"start":{"line":55,"column":15},"end":{"line":55,"column":17}},"loc":{"start":{"line":55,"column":19},"end":{"line":59,"column":5}}},"11":{"name":"(anonymous_12)","decl":{"start":{"line":60,"column":16},"end":{"line":60,"column":18}},"loc":{"start":{"line":60,"column":20},"end":{"line":62,"column":5}}},"12":{"name":"(anonymous_13)","decl":{"start":{"line":76,"column":26},"end":{"line":76,"column":27}},"loc":{"start":{"line":76,"column":33},"end":{"line":76,"column":104}}},"13":{"name":"(anonymous_14)","decl":{"start":{"line":83,"column":26},"end":{"line":83,"column":27}},"loc":{"start":{"line":83,"column":33},"end":{"line":83,"column":88}}},"14":{"name":"(anonymous_15)","decl":{"start":{"line":90,"column":26},"end":{"line":90,"column":27}},"loc":{"start":{"line":90,"column":33},"end":{"line":90,"column":90}}},"15":{"name":"(anonymous_16)","decl":{"start":{"line":97,"column":26},"end":{"line":97,"column":27}},"loc":{"start":{"line":97,"column":33},"end":{"line":97,"column":97}}}},"branchMap":{"0":{"loc":{"start":{"line":65,"column":4},"end":{"line":65,"column":null}},"type":"if","locations":[{"start":{"line":65,"column":4},"end":{"line":65,"column":null}},{"start":{},"end":{}}]},"1":{"loc":{"start":{"line":67,"column":4},"end":{"line":67,"column":null}},"type":"if","locations":[{"start":{"line":67,"column":4},"end":{"line":67,"column":null}},{"start":{},"end":{}}]},"2":{"loc":{"start":{"line":105,"column":44},"end":{"line":105,"column":57}},"type":"cond-expr","locations":[{"start":{"line":105,"column":48},"end":{"line":105,"column":50}},{"start":{"line":105,"column":44},"end":{"line":105,"column":57}}]},"3":{"loc":{"start":{"line":105,"column":44},"end":{"line":105,"column":50}},"type":"binary-expr","locations":[{"start":{"line":105,"column":44},"end":{"line":105,"column":50}},{"start":{"line":105,"column":44},"end":{"line":105,"column":50}}]}},"s":{"0":1,"1":1,"2":1,"3":1,"4":1,"5":1,"6":30,"7":30,"8":30,"9":30,"10":30,"11":9,"12":30,"13":2,"14":2,"15":30,"16":0,"17":30,"18":0,"19":30,"20":2,"21":2,"22":30,"23":3,"24":30,"25":9,"26":21,"27":1,"28":20,"29":0,"30":4,"31":4,"32":0,"33":1},"f":{"0":30,"1":9,"2":2,"3":2,"4":0,"5":0,"6":0,"7":0,"8":0,"9":0,"10":2,"11":3,"12":0,"13":4,"14":4,"15":0},"b":{"0":[9,21],"1":[1,20],"2":[0,20],"3":[20,20]}}
,"E:\\Data_E\\reactjan2026\\react-jan2026-app\\src\\components\\usefromhookvalidations\\customformcomponent.tsx": {"path":"E:\\Data_E\\reactjan2026\\react-jan2026-app\\src\\components\\usefromhookvalidations\\customformcomponent.tsx","statementMap":{"0":{"start":{"line":1,"column":0},"end":{"line":1,"column":42}},"1":{"start":{"line":2,"column":0},"end":{"line":2,"column":24}},"2":{"start":{"line":3,"column":0},"end":{"line":3,"column":54}},"3":{"start":{"line":6,"column":27},"end":{"line":51,"column":null}},"4":{"start":{"line":15,"column":24},"end":{"line":29,"column":null}},"5":{"start":{"line":16,"column":10},"end":{"line":28,"column":11}},"6":{"start":{"line":17,"column":12},"end":{"line":17,"column":54}},"7":{"start":{"line":17,"column":41},"end":{"line":17,"column":54}},"8":{"start":{"line":19,"column":24},"end":{"line":20,"column":null}},"9":{"start":{"line":22,"column":12},"end":{"line":22,"column":38}},"10":{"start":{"line":22,"column":25},"end":{"line":22,"column":38}},"11":{"start":{"line":24,"column":25},"end":{"line":24,"column":41}},"12":{"start":{"line":25,"column":12},"end":{"line":25,"column":45}},"13":{"start":{"line":27,"column":12},"end":{"line":27,"column":25}},"14":{"start":{"line":37,"column":26},"end":{"line":37,"column":39}},"15":{"start":{"line":42,"column":26},"end":{"line":42,"column":39}},"16":{"start":{"line":47,"column":14},"end":{"line":47,"column":54}},"17":{"start":{"line":57,"column":30},"end":{"line":137,"column":1}},"18":{"start":{"line":63,"column":6},"end":{"line":73,"column":4}},"19":{"start":{"line":75,"column":19},"end":{"line":76,"column":58}},"20":{"start":{"line":76,"column":4},"end":{"line":76,"column":58}},"21":{"start":{"line":78,"column":2},"end":{"line":136,"column":4}},"22":{"start":{"line":139,"column":0},"end":{"line":139,"column":37}}},"fnMap":{"0":{"name":"(anonymous_7)","decl":{"start":{"line":15,"column":8},"end":{"line":15,"column":15}},"loc":{"start":{"line":15,"column":24},"end":{"line":29,"column":null}}},"1":{"name":"(anonymous_8)","decl":{"start":{"line":15,"column":24},"end":{"line":15,"column":null}},"loc":{"start":{"line":15,"column":24},"end":{"line":29,"column":9}}},"2":{"name":"(anonymous_9)","decl":{"start":{"line":37,"column":17},"end":{"line":37,"column":18}},"loc":{"start":{"line":37,"column":26},"end":{"line":37,"column":39}}},"3":{"name":"(anonymous_10)","decl":{"start":{"line":42,"column":17},"end":{"line":42,"column":18}},"loc":{"start":{"line":42,"column":26},"end":{"line":42,"column":39}}},"4":{"name":"(anonymous_11)","decl":{"start":{"line":47,"column":4},"end":{"line":47,"column":5}},"loc":{"start":{"line":47,"column":14},"end":{"line":47,"column":54}}},"5":{"name":"(anonymous_12)","decl":{"start":{"line":57,"column":30},"end":{"line":57,"column":33}},"loc":{"start":{"line":57,"column":35},"end":{"line":137,"column":1}}},"6":{"name":"(anonymous_13)","decl":{"start":{"line":75,"column":19},"end":{"line":75,"column":20}},"loc":{"start":{"line":76,"column":4},"end":{"line":76,"column":58}}}},"branchMap":{"0":{"loc":{"start":{"line":17,"column":12},"end":{"line":17,"column":54}},"type":"if","locations":[{"start":{"line":17,"column":12},"end":{"line":17,"column":54}},{"start":{},"end":{}}]},"1":{"loc":{"start":{"line":22,"column":12},"end":{"line":22,"column":38}},"type":"if","locations":[{"start":{"line":22,"column":12},"end":{"line":22,"column":38}},{"start":{},"end":{}}]},"2":{"loc":{"start":{"line":84,"column":11},"end":{"line":85,"column":null}},"type":"binary-expr","locations":[{"start":{"line":84,"column":11},"end":{"line":84,"column":30}},{"start":{"line":85,"column":12},"end":{"line":85,"column":73}}]},"3":{"loc":{"start":{"line":92,"column":11},"end":{"line":93,"column":null}},"type":"binary-expr","locations":[{"start":{"line":92,"column":11},"end":{"line":92,"column":25}},{"start":{"line":93,"column":12},"end":{"line":93,"column":68}}]},"4":{"loc":{"start":{"line":100,"column":11},"end":{"line":101,"column":null}},"type":"binary-expr","locations":[{"start":{"line":100,"column":11},"end":{"line":100,"column":23}},{"start":{"line":101,"column":12},"end":{"line":101,"column":66}}]},"5":{"loc":{"start":{"line":108,"column":11},"end":{"line":109,"column":null}},"type":"binary-expr","locations":[{"start":{"line":108,"column":11},"end":{"line":108,"column":29}},{"start":{"line":109,"column":12},"end":{"line":109,"column":72}}]},"6":{"loc":{"start":{"line":116,"column":11},"end":{"line":117,"column":null}},"type":"binary-expr","locations":[{"start":{"line":116,"column":11},"end":{"line":116,"column":34}},{"start":{"line":117,"column":12},"end":{"line":117,"column":77}}]},"7":{"loc":{"start":{"line":124,"column":11},"end":{"line":125,"column":null}},"type":"binary-expr","locations":[{"start":{"line":124,"column":11},"end":{"line":124,"column":21}},{"start":{"line":125,"column":12},"end":{"line":125,"column":64}}]}},"s":{"0":1,"1":1,"2":1,"3":1,"4":0,"5":0,"6":0,"7":0,"8":0,"9":0,"10":0,"11":0,"12":0,"13":0,"14":0,"15":0,"16":0,"17":1,"18":0,"19":0,"20":0,"21":0,"22":1},"f":{"0":0,"1":0,"2":0,"3":0,"4":0,"5":0,"6":0},"b":{"0":[0,0],"1":[0,0],"2":[0,0],"3":[0,0],"4":[0,0],"5":[0,0],"6":[0,0],"7":[0,0]}}
,"E:\\Data_E\\reactjan2026\\react-jan2026-app\\src\\components\\usememocheck\\usememocomponent.tsx": {"path":"E:\\Data_E\\reactjan2026\\react-jan2026-app\\src\\components\\usememocheck\\usememocomponent.tsx","statementMap":{"0":{"start":{"line":1,"column":0},"end":{"line":1,"column":59}},"1":{"start":{"line":3,"column":33},"end":{"line":63,"column":1}},"2":{"start":{"line":5,"column":30},"end":{"line":5,"column":42}},"3":{"start":{"line":7,"column":24},"end":{"line":7,"column":33}},"4":{"start":{"line":9,"column":21},"end":{"line":31,"column":6}},"5":{"start":{"line":35,"column":29},"end":{"line":36,"column":null}},"6":{"start":{"line":36,"column":8},"end":{"line":36,"column":56}},"7":{"start":{"line":40,"column":4},"end":{"line":42,"column":7}},"8":{"start":{"line":41,"column":8},"end":{"line":41,"column":33}},"9":{"start":{"line":44,"column":4},"end":{"line":61,"column":6}},"10":{"start":{"line":51,"column":33},"end":{"line":51,"column":57}},"11":{"start":{"line":56,"column":20},"end":{"line":56,"column":37}},"12":{"start":{"line":65,"column":0},"end":{"line":65,"column":41}}},"fnMap":{"0":{"name":"(anonymous_9)","decl":{"start":{"line":3,"column":33},"end":{"line":3,"column":36}},"loc":{"start":{"line":3,"column":38},"end":{"line":63,"column":1}}},"1":{"name":"(anonymous_10)","decl":{"start":{"line":35,"column":45},"end":{"line":35,"column":46}},"loc":{"start":{"line":36,"column":8},"end":{"line":36,"column":56}}},"2":{"name":"(anonymous_11)","decl":{"start":{"line":40,"column":14},"end":{"line":40,"column":17}},"loc":{"start":{"line":40,"column":19},"end":{"line":42,"column":5}}},"3":{"name":"(anonymous_12)","decl":{"start":{"line":51,"column":26},"end":{"line":51,"column":27}},"loc":{"start":{"line":51,"column":33},"end":{"line":51,"column":57}}},"4":{"name":"(anonymous_13)","decl":{"start":{"line":55,"column":38},"end":{"line":55,"column":39}},"loc":{"start":{"line":56,"column":20},"end":{"line":56,"column":37}}}},"branchMap":{},"s":{"0":0,"1":0,"2":0,"3":0,"4":0,"5":0,"6":0,"7":0,"8":0,"9":0,"10":0,"11":0,"12":0},"f":{"0":0,"1":0,"2":0,"3":0,"4":0},"b":{}}
,"E:\\Data_E\\reactjan2026\\react-jan2026-app\\src\\components\\usememocheck\\withusememocomponent.tsx": {"path":"E:\\Data_E\\reactjan2026\\react-jan2026-app\\src\\components\\usememocheck\\withusememocomponent.tsx","statementMap":{"0":{"start":{"line":1,"column":0},"end":{"line":1,"column":68}},"1":{"start":{"line":3,"column":33},"end":{"line":82,"column":1}},"2":{"start":{"line":5,"column":30},"end":{"line":5,"column":42}},"3":{"start":{"line":6,"column":34},"end":{"line":6,"column":53}},"4":{"start":{"line":8,"column":24},"end":{"line":8,"column":33}},"5":{"start":{"line":10,"column":21},"end":{"line":32,"column":6}},"6":{"start":{"line":36,"column":29},"end":{"line":41,"column":25}},"7":{"start":{"line":37,"column":8},"end":{"line":37,"column":45}},"8":{"start":{"line":38,"column":8},"end":{"line":40,"column":10}},"9":{"start":{"line":39,"column":12},"end":{"line":39,"column":60}},"10":{"start":{"line":44,"column":8},"end":{"line":46,"column":21}},"11":{"start":{"line":45,"column":12},"end":{"line":45,"column":37}},"12":{"start":{"line":49,"column":4},"end":{"line":80,"column":6}},"13":{"start":{"line":60,"column":33},"end":{"line":60,"column":57}},"14":{"start":{"line":67,"column":20},"end":{"line":67,"column":37}},"15":{"start":{"line":77,"column":33},"end":{"line":77,"column":56}},"16":{"start":{"line":84,"column":0},"end":{"line":84,"column":40}}},"fnMap":{"0":{"name":"(anonymous_9)","decl":{"start":{"line":3,"column":33},"end":{"line":3,"column":36}},"loc":{"start":{"line":3,"column":38},"end":{"line":82,"column":1}}},"1":{"name":"(anonymous_10)","decl":{"start":{"line":36,"column":37},"end":{"line":36,"column":40}},"loc":{"start":{"line":36,"column":42},"end":{"line":41,"column":5}}},"2":{"name":"(anonymous_11)","decl":{"start":{"line":38,"column":31},"end":{"line":38,"column":32}},"loc":{"start":{"line":39,"column":12},"end":{"line":39,"column":60}}},"3":{"name":"(anonymous_12)","decl":{"start":{"line":44,"column":18},"end":{"line":44,"column":21}},"loc":{"start":{"line":44,"column":23},"end":{"line":46,"column":9}}},"4":{"name":"(anonymous_13)","decl":{"start":{"line":60,"column":26},"end":{"line":60,"column":27}},"loc":{"start":{"line":60,"column":33},"end":{"line":60,"column":57}}},"5":{"name":"(anonymous_14)","decl":{"start":{"line":66,"column":38},"end":{"line":66,"column":39}},"loc":{"start":{"line":67,"column":20},"end":{"line":67,"column":37}}},"6":{"name":"(anonymous_15)","decl":{"start":{"line":77,"column":29},"end":{"line":77,"column":31}},"loc":{"start":{"line":77,"column":33},"end":{"line":77,"column":56}}}},"branchMap":{},"s":{"0":0,"1":0,"2":0,"3":0,"4":0,"5":0,"6":0,"7":0,"8":0,"9":0,"10":0,"11":0,"12":0,"13":0,"14":0,"15":0,"16":0},"f":{"0":0,"1":0,"2":0,"3":0,"4":0,"5":0,"6":0},"b":{}}
,"E:\\Data_E\\reactjan2026\\react-jan2026-app\\src\\components\\usereducercomponent\\reducercomponent.tsx": {"path":"E:\\Data_E\\reactjan2026\\react-jan2026-app\\src\\components\\usereducercomponent\\reducercomponent.tsx","statementMap":{"0":{"start":{"line":1,"column":0},"end":{"line":1,"column":45}},"1":{"start":{"line":2,"column":0},"end":{"line":2,"column":75}},"2":{"start":{"line":3,"column":0},"end":{"line":3,"column":64}},"3":{"start":{"line":4,"column":23},"end":{"line":41,"column":1}},"4":{"start":{"line":7,"column":30},"end":{"line":7,"column":63}},"5":{"start":{"line":11,"column":4},"end":{"line":26,"column":10}},"6":{"start":{"line":12,"column":26},"end":{"line":24,"column":null}},"7":{"start":{"line":12,"column":35},"end":{"line":24,"column":null}},"8":{"start":{"line":13,"column":12},"end":{"line":13,"column":50}},"9":{"start":{"line":14,"column":12},"end":{"line":23,"column":13}},"10":{"start":{"line":15,"column":34},"end":{"line":15,"column":134}},"11":{"start":{"line":16,"column":17},"end":{"line":18,"column":18}},"12":{"start":{"line":17,"column":20},"end":{"line":17,"column":59}},"13":{"start":{"line":19,"column":32},"end":{"line":19,"column":53}},"14":{"start":{"line":20,"column":17},"end":{"line":20,"column":71}},"15":{"start":{"line":22,"column":16},"end":{"line":22,"column":97}},"16":{"start":{"line":25,"column":8},"end":{"line":25,"column":20}},"17":{"start":{"line":29,"column":4},"end":{"line":37,"column":null}},"18":{"start":{"line":30,"column":8},"end":{"line":37,"column":null}},"19":{"start":{"line":39,"column":4},"end":{"line":39,"column":null}},"20":{"start":{"line":39,"column":27},"end":{"line":39,"column":null}},"21":{"start":{"line":42,"column":0},"end":{"line":42,"column":32}}},"fnMap":{"0":{"name":"(anonymous_8)","decl":{"start":{"line":4,"column":23},"end":{"line":4,"column":25}},"loc":{"start":{"line":4,"column":27},"end":{"line":41,"column":1}}},"1":{"name":"(anonymous_9)","decl":{"start":{"line":11,"column":14},"end":{"line":11,"column":16}},"loc":{"start":{"line":11,"column":18},"end":{"line":26,"column":5}}},"2":{"name":"(anonymous_10)","decl":{"start":{"line":12,"column":26},"end":{"line":12,"column":33}},"loc":{"start":{"line":12,"column":35},"end":{"line":24,"column":null}}},"3":{"name":"(anonymous_11)","decl":{"start":{"line":12,"column":35},"end":{"line":12,"column":null}},"loc":{"start":{"line":12,"column":35},"end":{"line":24,"column":9}}}},"branchMap":{"0":{"loc":{"start":{"line":16,"column":17},"end":{"line":18,"column":18}},"type":"if","locations":[{"start":{"line":16,"column":17},"end":{"line":18,"column":18}},{"start":{},"end":{}}]},"1":{"loc":{"start":{"line":29,"column":4},"end":{"line":37,"column":null}},"type":"if","locations":[{"start":{"line":29,"column":4},"end":{"line":37,"column":null}},{"start":{},"end":{}}]},"2":{"loc":{"start":{"line":39,"column":4},"end":{"line":39,"column":null}},"type":"if","locations":[{"start":{"line":39,"column":4},"end":{"line":39,"column":null}},{"start":{},"end":{}}]}},"s":{"0":0,"1":0,"2":0,"3":0,"4":0,"5":0,"6":0,"7":0,"8":0,"9":0,"10":0,"11":0,"12":0,"13":0,"14":0,"15":0,"16":0,"17":0,"18":0,"19":0,"20":0,"21":0},"f":{"0":0,"1":0,"2":0,"3":0},"b":{"0":[0,0],"1":[0,0],"2":[0,0]}}
,"E:\\Data_E\\reactjan2026\\react-jan2026-app\\src\\components\\usereducercomponent\\stateandreducerfunction.ts": {"path":"E:\\Data_E\\reactjan2026\\react-jan2026-app\\src\\components\\usereducercomponent\\stateandreducerfunction.ts","statementMap":{"0":{"start":{"line":11,"column":13},"end":{"line":15,"column":null}},"1":{"start":{"line":22,"column":21},"end":{"line":34,"column":1}},"2":{"start":{"line":23,"column":4},"end":{"line":33,"column":5}},"3":{"start":{"line":25,"column":12},"end":{"line":25,"column":74}},"4":{"start":{"line":27,"column":12},"end":{"line":27,"column":95}},"5":{"start":{"line":27,"column":56},"end":{"line":27,"column":93}},"6":{"start":{"line":28,"column":12},"end":{"line":28,"column":118}},"7":{"start":{"line":30,"column":12},"end":{"line":30,"column":87}},"8":{"start":{"line":32,"column":12},"end":{"line":32,"column":30}},"9":{"start":{"line":22,"column":13},"end":{"line":22,"column":21}}},"fnMap":{"0":{"name":"(anonymous_0)","decl":{"start":{"line":22,"column":21},"end":{"line":22,"column":22}},"loc":{"start":{"line":22,"column":61},"end":{"line":34,"column":1}}},"1":{"name":"(anonymous_1)","decl":{"start":{"line":27,"column":41},"end":{"line":27,"column":42}},"loc":{"start":{"line":27,"column":56},"end":{"line":27,"column":93}}}},"branchMap":{"0":{"loc":{"start":{"line":23,"column":4},"end":{"line":33,"column":5}},"type":"switch","locations":[{"start":{"line":24,"column":8},"end":{"line":25,"column":74}},{"start":{"line":26,"column":8},"end":{"line":28,"column":118}},{"start":{"line":29,"column":8},"end":{"line":30,"column":87}},{"start":{"line":31,"column":8},"end":{"line":32,"column":30}}]}},"s":{"0":0,"1":0,"2":0,"3":0,"4":0,"5":0,"6":0,"7":0,"8":0,"9":0},"f":{"0":0,"1":0},"b":{"0":[0,0,0,0]}}
,"E:\\Data_E\\reactjan2026\\react-jan2026-app\\src\\models\\category.ts": {"path":"E:\\Data_E\\reactjan2026\\react-jan2026-app\\src\\models\\category.ts","statementMap":{"0":{"start":{"line":13,"column":8},"end":{"line":13,"column":49}},"1":{"start":{"line":14,"column":8},"end":{"line":14,"column":37}},"2":{"start":{"line":15,"column":8},"end":{"line":15,"column":41}},"3":{"start":{"line":16,"column":8},"end":{"line":16,"column":35}},"4":{"start":{"line":1,"column":0},"end":{"line":1,"column":13}}},"fnMap":{"0":{"name":"(anonymous_0)","decl":{"start":{"line":7,"column":4},"end":{"line":7,"column":null}},"loc":{"start":{"line":11,"column":25},"end":{"line":17,"column":5}}}},"branchMap":{},"s":{"0":37,"1":37,"2":37,"3":37,"4":2},"f":{"0":37},"b":{}}
,"E:\\Data_E\\reactjan2026\\react-jan2026-app\\src\\models\\responseobject.ts": {"path":"E:\\Data_E\\reactjan2026\\react-jan2026-app\\src\\models\\responseobject.ts","statementMap":{"0":{"start":{"line":1,"column":0},"end":{"line":1,"column":13}}},"fnMap":{},"branchMap":{},"s":{"0":0},"f":{},"b":{}}
,"E:\\Data_E\\reactjan2026\\react-jan2026-app\\src\\services\\categoryhttpservice.ts": {"path":"E:\\Data_E\\reactjan2026\\react-jan2026-app\\src\\services\\categoryhttpservice.ts","statementMap":{"0":{"start":{"line":1,"column":0},"end":{"line":1,"column":26}},"1":{"start":{"line":5,"column":12},"end":{"line":5,"column":118}},"2":{"start":{"line":6,"column":12},"end":{"line":6,"column":119}},"3":{"start":{"line":10,"column":25},"end":{"line":10,"column":80}},"4":{"start":{"line":11,"column":8},"end":{"line":11,"column":29}},"5":{"start":{"line":15,"column":25},"end":{"line":15,"column":91}},"6":{"start":{"line":16,"column":8},"end":{"line":16,"column":29}},"7":{"start":{"line":19,"column":25},"end":{"line":23,"column":10}},"8":{"start":{"line":24,"column":8},"end":{"line":24,"column":29}},"9":{"start":{"line":27,"column":25},"end":{"line":31,"column":10}},"10":{"start":{"line":32,"column":8},"end":{"line":32,"column":29}},"11":{"start":{"line":36,"column":25},"end":{"line":36,"column":94}},"12":{"start":{"line":37,"column":8},"end":{"line":37,"column":29}},"13":{"start":{"line":4,"column":0},"end":{"line":4,"column":13}}},"fnMap":{"0":{"name":"(anonymous_8)","decl":{"start":{"line":4,"column":0},"end":{"line":4,"column":13}},"loc":{"start":{"line":4,"column":0},"end":{"line":40,"column":1}}},"1":{"name":"(anonymous_9)","decl":{"start":{"line":9,"column":10},"end":{"line":9,"column":23}},"loc":{"start":{"line":9,"column":23},"end":{"line":12,"column":null}}},"2":{"name":"(anonymous_11)","decl":{"start":{"line":14,"column":10},"end":{"line":14,"column":25}},"loc":{"start":{"line":14,"column":35},"end":{"line":17,"column":null}}},"3":{"name":"(anonymous_13)","decl":{"start":{"line":18,"column":10},"end":{"line":18,"column":22}},"loc":{"start":{"line":18,"column":40},"end":{"line":25,"column":null}}},"4":{"name":"(anonymous_15)","decl":{"start":{"line":26,"column":10},"end":{"line":26,"column":21}},"loc":{"start":{"line":26,"column":39},"end":{"line":33,"column":null}}},"5":{"name":"(anonymous_17)","decl":{"start":{"line":35,"column":12},"end":{"line":35,"column":30}},"loc":{"start":{"line":35,"column":40},"end":{"line":38,"column":null}}}},"branchMap":{},"s":{"0":2,"1":10,"2":10,"3":2,"4":1,"5":2,"6":1,"7":2,"8":1,"9":2,"10":1,"11":2,"12":1,"13":2},"f":{"0":10,"1":2,"2":2,"3":2,"4":2,"5":2},"b":{}}
}
